<?xml version="1.0" encoding="UTF-8"?>
<!-- Generated by org.testng.reporters.JUnitReportReporter -->
<testsuite hostname="Sri" failures="0" tests="2" name="RestCountriesTest" time="5.952" errors="0" timestamp="2023-10-16T13:43:21 IST" skipped="0">
  <testcase classname="RestCountriesTest" name="getCountryByNameNegativeTest" time="5.133"/>
  <system-out/>
  <testcase classname="RestCountriesTest" name="getCountryByNamePositiveTest" time="0.819"/>
  <system-out/>
</testsuite> <!-- RestCountriesTest -->
