<?xml version="1.0" encoding="UTF-8"?>
<!-- Generated by org.testng.reporters.JUnitReportReporter -->
<testsuite hostname="Sri" failures="0" tests="1" name="com.techademy.project.AutomationAnywhereTest" time="21.061" errors="0" timestamp="2024-01-22T08:07:01 IST" skipped="0">
  <testcase classname="com.techademy.project.AutomationAnywhereTest" name="autoTest" time="21.061"/>
  <system-out/>
</testsuite> <!-- com.techademy.project.AutomationAnywhereTest -->
