<?xml version="1.0" encoding="UTF-8"?>
<!-- Generated by org.testng.reporters.JUnitReportReporter -->
<testsuite hostname="Sri" failures="0" tests="1" name="com.techademy.project.AutomationAnywhereDemoTest" time="32.375" errors="0" timestamp="2024-01-22T08:07:01 IST" skipped="0">
  <testcase classname="com.techademy.project.AutomationAnywhereDemoTest" name="autoDemoTest" time="32.375"/>
  <system-out/>
</testsuite> <!-- com.techademy.project.AutomationAnywhereDemoTest -->
