<?xml version="1.0" encoding="UTF-8"?>
<!-- Generated by org.testng.reporters.JUnitReportReporter -->
<testsuite hostname="DESKTOP-P11DB2I" failures="0" tests="1" name="AutomationAnywhereDemoTest" time="15.909" errors="0" timestamp="2023-10-08T15:57:52 IST" skipped="0">
  <testcase classname="AutomationAnywhereDemoTest" name="autoDemoTest" time="15.909"/>
  <system-out/>
</testsuite> <!-- AutomationAnywhereDemoTest -->
