<?xml version="1.0" encoding="UTF-8"?>
<!-- Generated by org.testng.reporters.JUnitReportReporter -->
<testsuite hostname="Sri" failures="0" tests="2" name="RestCountriesAPITest" time="6.614" errors="0" timestamp="2024-01-22T08:12:56 IST" skipped="0">
  <testcase classname="RestCountriesAPITest" name="getCountryPositiveTest" time="0.877"/>
  <system-out/>
  <testcase classname="RestCountriesAPITest" name="getCountryNegativeTest" time="5.737"/>
  <system-out/>
</testsuite> <!-- RestCountriesAPITest -->
